<?xml version="1.0" encoding="UTF-8"?>
<!-- Generated by org.testng.reporters.JUnitReportReporter -->
<testsuite hostname="users-MacBook-Pro.local" failures="0" tests="1" name="com.inetBanking.testCases.TC_LoginTest_001" time="2.592" errors="0" timestamp="01 Oct 2020 01:46:09 GMT" skipped="0">
  <testcase classname="com.inetBanking.testCases.TC_LoginTest_001" name="loginTest" time="2.592"/>
</testsuite> <!-- com.inetBanking.testCases.TC_LoginTest_001 -->
