<?xml version="1.0" encoding="UTF-8"?>
<!-- Generated by org.testng.reporters.JUnitReportReporter -->
<testsuite hostname="users-MacBook-Pro.local" failures="0" tests="1" name="com.inetBanking.testCases.TC_AddCustomerTest_003" time="10.995" errors="0" timestamp="01 Oct 2020 01:46:09 GMT" skipped="0">
  <testcase classname="com.inetBanking.testCases.TC_AddCustomerTest_003" name="addNewCustomer" time="10.995"/>
</testsuite> <!-- com.inetBanking.testCases.TC_AddCustomerTest_003 -->
